2024-04-24T15:29:46.763 [restartedMain] INFO c.g.CobyApplication - Starting CobyApplication using Java 17.0.10 with PID 6684 (/Volumes/Work/factory/workspace/sts4_4210/repo_coby/coby/bin/main started by ramses in /Volumes/Work/factory/workspace/sts4_4210/repo_coby/coby) 
2024-04-24T15:29:46.763 [restartedMain] INFO c.g.CobyApplication - The following 1 profile is active: "external" 
2024-04-24T15:29:46.827 [restartedMain] WARN o.m.s.m.ClassPathMapperScanner - No MyBatis mapper was found in '[com.goodjob.*]' package. Please check your configuration. 
2024-04-24T15:29:46.852 [restartedMain] INFO o.s.b.w.e.t.TomcatWebServer - Tomcat initialized with port 8081 (http) 
2024-04-24T15:29:46.853 [restartedMain] INFO o.a.c.h.Http11NioProtocol - Initializing ProtocolHandler ["http-nio-8081"] 
2024-04-24T15:29:46.853 [restartedMain] INFO o.a.c.c.StandardService - Starting service [Tomcat] 
2024-04-24T15:29:46.853 [restartedMain] INFO o.a.c.c.StandardEngine - Starting Servlet engine: [Apache Tomcat/10.1.19] 
2024-04-24T15:29:46.857 [restartedMain] INFO o.a.c.c.C.[.[.[/] - Initializing Spring embedded WebApplicationContext 
2024-04-24T15:29:46.857 [restartedMain] INFO o.s.b.w.s.c.ServletWebServerApplicationContext - Root WebApplicationContext: initialization completed in 93 ms 
2024-04-24T15:29:46.866 [restartedMain] WARN o.m.s.SqlSessionFactoryBean - Property 'mapperLocations' was specified but matching resources are not found. 
2024-04-24T15:29:46.918 [restartedMain] INFO o.s.b.d.a.OptionalLiveReloadServer - LiveReload server is running on port 35729 
2024-04-24T15:29:46.923 [restartedMain] INFO o.a.c.h.Http11NioProtocol - Starting ProtocolHandler ["http-nio-8081"] 
2024-04-24T15:29:46.924 [restartedMain] INFO o.s.b.w.e.t.TomcatWebServer - Tomcat started on port 8081 (http) with context path '' 
2024-04-24T15:29:46.927 [restartedMain] INFO c.g.CobyApplication - Started CobyApplication in 0.192 seconds (process running for 41.066) 
2024-04-24T15:29:46.928 [restartedMain] INFO o.s.b.d.a.ConditionEvaluationDeltaLoggingListener - Condition evaluation unchanged 
2024-04-24T15:40:52.417 [File Watcher] INFO o.s.b.d.a.LocalDevToolsAutoConfiguration$RestartingClassPathChangeChangedEventListener - Restarting due to 1 class path change (0 additions, 0 deletions, 1 modification) 
2024-04-24T15:40:52.421 [Thread-7] INFO o.a.c.h.Http11NioProtocol - Stopping ProtocolHandler ["http-nio-8081"] 
2024-04-24T15:40:52.475 [restartedMain] INFO c.g.CobyApplication - Starting CobyApplication using Java 17.0.10 with PID 6684 (/Volumes/Work/factory/workspace/sts4_4210/repo_coby/coby/bin/main started by ramses in /Volumes/Work/factory/workspace/sts4_4210/repo_coby/coby) 
2024-04-24T15:40:52.476 [restartedMain] INFO c.g.CobyApplication - The following 1 profile is active: "external" 
2024-04-24T15:40:52.542 [restartedMain] WARN o.m.s.m.ClassPathMapperScanner - No MyBatis mapper was found in '[com.goodjob.*]' package. Please check your configuration. 
2024-04-24T15:40:52.565 [restartedMain] INFO o.s.b.w.e.t.TomcatWebServer - Tomcat initialized with port 8081 (http) 
2024-04-24T15:40:52.566 [restartedMain] INFO o.a.c.h.Http11NioProtocol - Initializing ProtocolHandler ["http-nio-8081"] 
2024-04-24T15:40:52.566 [restartedMain] INFO o.a.c.c.StandardService - Starting service [Tomcat] 
2024-04-24T15:40:52.566 [restartedMain] INFO o.a.c.c.StandardEngine - Starting Servlet engine: [Apache Tomcat/10.1.19] 
2024-04-24T15:40:52.569 [restartedMain] INFO o.a.c.c.C.[.[.[/] - Initializing Spring embedded WebApplicationContext 
2024-04-24T15:40:52.569 [restartedMain] INFO o.s.b.w.s.c.ServletWebServerApplicationContext - Root WebApplicationContext: initialization completed in 92 ms 
2024-04-24T15:40:52.578 [restartedMain] WARN o.m.s.SqlSessionFactoryBean - Property 'mapperLocations' was specified but matching resources are not found. 
2024-04-24T15:40:52.631 [restartedMain] INFO o.s.b.d.a.OptionalLiveReloadServer - LiveReload server is running on port 35729 
2024-04-24T15:40:52.636 [restartedMain] INFO o.a.c.h.Http11NioProtocol - Starting ProtocolHandler ["http-nio-8081"] 
2024-04-24T15:40:52.637 [restartedMain] INFO o.s.b.w.e.t.TomcatWebServer - Tomcat started on port 8081 (http) with context path '' 
2024-04-24T15:40:52.639 [restartedMain] INFO c.g.CobyApplication - Started CobyApplication in 0.184 seconds (process running for 706.782) 
2024-04-24T15:40:52.640 [restartedMain] INFO o.s.b.d.a.ConditionEvaluationDeltaLoggingListener - Condition evaluation unchanged 
2024-04-24T15:52:46.695 [File Watcher] INFO o.s.b.d.a.LocalDevToolsAutoConfiguration$RestartingClassPathChangeChangedEventListener - Restarting due to 1 class path change (0 additions, 0 deletions, 1 modification) 
2024-04-24T15:52:46.698 [Thread-11] INFO o.a.c.h.Http11NioProtocol - Stopping ProtocolHandler ["http-nio-8081"] 
2024-04-24T15:52:46.753 [restartedMain] INFO c.g.CobyApplication - Starting CobyApplication using Java 17.0.10 with PID 6684 (/Volumes/Work/factory/workspace/sts4_4210/repo_coby/coby/bin/main started by ramses in /Volumes/Work/factory/workspace/sts4_4210/repo_coby/coby) 
2024-04-24T15:52:46.753 [restartedMain] INFO c.g.CobyApplication - The following 1 profile is active: "external" 
2024-04-24T15:52:46.812 [restartedMain] WARN o.m.s.m.ClassPathMapperScanner - No MyBatis mapper was found in '[com.goodjob.*]' package. Please check your configuration. 
2024-04-24T15:52:46.836 [restartedMain] INFO o.s.b.w.e.t.TomcatWebServer - Tomcat initialized with port 8081 (http) 
2024-04-24T15:52:46.837 [restartedMain] INFO o.a.c.h.Http11NioProtocol - Initializing ProtocolHandler ["http-nio-8081"] 
2024-04-24T15:52:46.837 [restartedMain] INFO o.a.c.c.StandardService - Starting service [Tomcat] 
2024-04-24T15:52:46.837 [restartedMain] INFO o.a.c.c.StandardEngine - Starting Servlet engine: [Apache Tomcat/10.1.19] 
2024-04-24T15:52:46.840 [restartedMain] INFO o.a.c.c.C.[.[.[/] - Initializing Spring embedded WebApplicationContext 
2024-04-24T15:52:46.840 [restartedMain] INFO o.s.b.w.s.c.ServletWebServerApplicationContext - Root WebApplicationContext: initialization completed in 86 ms 
2024-04-24T15:52:46.848 [restartedMain] WARN o.m.s.SqlSessionFactoryBean - Property 'mapperLocations' was specified but matching resources are not found. 
2024-04-24T15:52:46.899 [restartedMain] INFO o.s.b.d.a.OptionalLiveReloadServer - LiveReload server is running on port 35729 
2024-04-24T15:52:46.903 [restartedMain] INFO o.a.c.h.Http11NioProtocol - Starting ProtocolHandler ["http-nio-8081"] 
2024-04-24T15:52:46.904 [restartedMain] INFO o.s.b.w.e.t.TomcatWebServer - Tomcat started on port 8081 (http) with context path '' 
2024-04-24T15:52:46.906 [restartedMain] INFO c.g.CobyApplication - Started CobyApplication in 0.171 seconds (process running for 1421.052) 
2024-04-24T15:52:46.907 [restartedMain] INFO o.s.b.d.a.ConditionEvaluationDeltaLoggingListener - Condition evaluation unchanged 
2024-04-24T15:53:23.792 [File Watcher] INFO o.s.b.d.a.LocalDevToolsAutoConfiguration$RestartingClassPathChangeChangedEventListener - Restarting due to 1 class path change (0 additions, 0 deletions, 1 modification) 
2024-04-24T15:53:23.795 [Thread-15] INFO o.a.c.h.Http11NioProtocol - Stopping ProtocolHandler ["http-nio-8081"] 
2024-04-24T15:53:23.850 [restartedMain] INFO c.g.CobyApplication - Starting CobyApplication using Java 17.0.10 with PID 6684 (/Volumes/Work/factory/workspace/sts4_4210/repo_coby/coby/bin/main started by ramses in /Volumes/Work/factory/workspace/sts4_4210/repo_coby/coby) 
2024-04-24T15:53:23.850 [restartedMain] INFO c.g.CobyApplication - The following 1 profile is active: "external" 
2024-04-24T15:53:23.903 [restartedMain] WARN o.m.s.m.ClassPathMapperScanner - No MyBatis mapper was found in '[com.goodjob.*]' package. Please check your configuration. 
2024-04-24T15:53:23.923 [restartedMain] INFO o.s.b.w.e.t.TomcatWebServer - Tomcat initialized with port 8081 (http) 
2024-04-24T15:53:23.924 [restartedMain] INFO o.a.c.h.Http11NioProtocol - Initializing ProtocolHandler ["http-nio-8081"] 
2024-04-24T15:53:23.924 [restartedMain] INFO o.a.c.c.StandardService - Starting service [Tomcat] 
2024-04-24T15:53:23.924 [restartedMain] INFO o.a.c.c.StandardEngine - Starting Servlet engine: [Apache Tomcat/10.1.19] 
2024-04-24T15:53:23.927 [restartedMain] INFO o.a.c.c.C.[.[.[/] - Initializing Spring embedded WebApplicationContext 
2024-04-24T15:53:23.927 [restartedMain] INFO o.s.b.w.s.c.ServletWebServerApplicationContext - Root WebApplicationContext: initialization completed in 76 ms 
2024-04-24T15:53:23.934 [restartedMain] WARN o.m.s.SqlSessionFactoryBean - Property 'mapperLocations' was specified but matching resources are not found. 
2024-04-24T15:53:23.978 [restartedMain] INFO o.s.b.d.a.OptionalLiveReloadServer - LiveReload server is running on port 35729 
2024-04-24T15:53:23.982 [restartedMain] INFO o.a.c.h.Http11NioProtocol - Starting ProtocolHandler ["http-nio-8081"] 
2024-04-24T15:53:23.982 [restartedMain] INFO o.s.b.w.e.t.TomcatWebServer - Tomcat started on port 8081 (http) with context path '' 
2024-04-24T15:53:23.985 [restartedMain] INFO c.g.CobyApplication - Started CobyApplication in 0.149 seconds (process running for 1458.09) 
2024-04-24T15:53:23.986 [restartedMain] INFO o.s.b.d.a.ConditionEvaluationDeltaLoggingListener - Condition evaluation unchanged 
2024-04-24T15:54:15.023 [File Watcher] INFO o.s.b.d.a.LocalDevToolsAutoConfiguration$RestartingClassPathChangeChangedEventListener - Restarting due to 1 class path change (0 additions, 0 deletions, 1 modification) 
2024-04-24T15:54:15.026 [Thread-19] INFO o.a.c.h.Http11NioProtocol - Stopping ProtocolHandler ["http-nio-8081"] 
2024-04-24T15:54:15.084 [restartedMain] INFO c.g.CobyApplication - Starting CobyApplication using Java 17.0.10 with PID 6684 (/Volumes/Work/factory/workspace/sts4_4210/repo_coby/coby/bin/main started by ramses in /Volumes/Work/factory/workspace/sts4_4210/repo_coby/coby) 
2024-04-24T15:54:15.084 [restartedMain] INFO c.g.CobyApplication - The following 1 profile is active: "external" 
2024-04-24T15:54:15.136 [restartedMain] WARN o.m.s.m.ClassPathMapperScanner - No MyBatis mapper was found in '[com.goodjob.*]' package. Please check your configuration. 
2024-04-24T15:54:15.157 [restartedMain] INFO o.s.b.w.e.t.TomcatWebServer - Tomcat initialized with port 8081 (http) 
2024-04-24T15:54:15.158 [restartedMain] INFO o.a.c.h.Http11NioProtocol - Initializing ProtocolHandler ["http-nio-8081"] 
2024-04-24T15:54:15.158 [restartedMain] INFO o.a.c.c.StandardService - Starting service [Tomcat] 
2024-04-24T15:54:15.158 [restartedMain] INFO o.a.c.c.StandardEngine - Starting Servlet engine: [Apache Tomcat/10.1.19] 
2024-04-24T15:54:15.161 [restartedMain] INFO o.a.c.c.C.[.[.[/] - Initializing Spring embedded WebApplicationContext 
2024-04-24T15:54:15.161 [restartedMain] INFO o.s.b.w.s.c.ServletWebServerApplicationContext - Root WebApplicationContext: initialization completed in 76 ms 
2024-04-24T15:54:15.170 [restartedMain] WARN o.m.s.SqlSessionFactoryBean - Property 'mapperLocations' was specified but matching resources are not found. 
2024-04-24T15:54:15.213 [restartedMain] INFO o.s.b.d.a.OptionalLiveReloadServer - LiveReload server is running on port 35729 
2024-04-24T15:54:15.217 [restartedMain] INFO o.a.c.h.Http11NioProtocol - Starting ProtocolHandler ["http-nio-8081"] 
2024-04-24T15:54:15.218 [restartedMain] INFO o.s.b.w.e.t.TomcatWebServer - Tomcat started on port 8081 (http) with context path '' 
2024-04-24T15:54:15.221 [restartedMain] INFO c.g.CobyApplication - Started CobyApplication in 0.151 seconds (process running for 1509.321) 
2024-04-24T15:54:15.221 [restartedMain] INFO o.s.b.d.a.ConditionEvaluationDeltaLoggingListener - Condition evaluation unchanged 
2024-04-24T15:56:22.209 [File Watcher] INFO o.s.b.d.a.LocalDevToolsAutoConfiguration$RestartingClassPathChangeChangedEventListener - Restarting due to 1 class path change (0 additions, 0 deletions, 1 modification) 
2024-04-24T15:56:22.210 [Thread-23] INFO o.a.c.h.Http11NioProtocol - Stopping ProtocolHandler ["http-nio-8081"] 
2024-04-24T15:56:22.256 [restartedMain] INFO c.g.CobyApplication - Starting CobyApplication using Java 17.0.10 with PID 6684 (/Volumes/Work/factory/workspace/sts4_4210/repo_coby/coby/bin/main started by ramses in /Volumes/Work/factory/workspace/sts4_4210/repo_coby/coby) 
2024-04-24T15:56:22.256 [restartedMain] INFO c.g.CobyApplication - The following 1 profile is active: "external" 
2024-04-24T15:56:22.307 [restartedMain] WARN o.m.s.m.ClassPathMapperScanner - No MyBatis mapper was found in '[com.goodjob.*]' package. Please check your configuration. 
2024-04-24T15:56:22.327 [restartedMain] INFO o.s.b.w.e.t.TomcatWebServer - Tomcat initialized with port 8081 (http) 
2024-04-24T15:56:22.327 [restartedMain] INFO o.a.c.h.Http11NioProtocol - Initializing ProtocolHandler ["http-nio-8081"] 
2024-04-24T15:56:22.327 [restartedMain] INFO o.a.c.c.StandardService - Starting service [Tomcat] 
2024-04-24T15:56:22.327 [restartedMain] INFO o.a.c.c.StandardEngine - Starting Servlet engine: [Apache Tomcat/10.1.19] 
2024-04-24T15:56:22.330 [restartedMain] INFO o.a.c.c.C.[.[.[/] - Initializing Spring embedded WebApplicationContext 
2024-04-24T15:56:22.330 [restartedMain] INFO o.s.b.w.s.c.ServletWebServerApplicationContext - Root WebApplicationContext: initialization completed in 74 ms 
2024-04-24T15:56:22.338 [restartedMain] WARN o.m.s.SqlSessionFactoryBean - Property 'mapperLocations' was specified but matching resources are not found. 
2024-04-24T15:56:22.381 [restartedMain] INFO o.s.b.d.a.OptionalLiveReloadServer - LiveReload server is running on port 35729 
2024-04-24T15:56:22.385 [restartedMain] INFO o.a.c.h.Http11NioProtocol - Starting ProtocolHandler ["http-nio-8081"] 
2024-04-24T15:56:22.386 [restartedMain] INFO o.s.b.w.e.t.TomcatWebServer - Tomcat started on port 8081 (http) with context path '' 
2024-04-24T15:56:22.388 [restartedMain] INFO c.g.CobyApplication - Started CobyApplication in 0.145 seconds (process running for 1636.487) 
2024-04-24T15:56:22.389 [restartedMain] INFO o.s.b.d.a.ConditionEvaluationDeltaLoggingListener - Condition evaluation unchanged 
2024-04-24T15:57:00.222 [File Watcher] INFO o.s.b.d.a.LocalDevToolsAutoConfiguration$RestartingClassPathChangeChangedEventListener - Restarting due to 1 class path change (0 additions, 0 deletions, 1 modification) 
2024-04-24T15:57:00.224 [Thread-27] INFO o.a.c.h.Http11NioProtocol - Stopping ProtocolHandler ["http-nio-8081"] 
2024-04-24T15:57:00.280 [restartedMain] INFO c.g.CobyApplication - Starting CobyApplication using Java 17.0.10 with PID 6684 (/Volumes/Work/factory/workspace/sts4_4210/repo_coby/coby/bin/main started by ramses in /Volumes/Work/factory/workspace/sts4_4210/repo_coby/coby) 
2024-04-24T15:57:00.280 [restartedMain] INFO c.g.CobyApplication - The following 1 profile is active: "external" 
2024-04-24T15:57:00.334 [restartedMain] WARN o.m.s.m.ClassPathMapperScanner - No MyBatis mapper was found in '[com.goodjob.*]' package. Please check your configuration. 
2024-04-24T15:57:00.354 [restartedMain] INFO o.s.b.w.e.t.TomcatWebServer - Tomcat initialized with port 8081 (http) 
2024-04-24T15:57:00.354 [restartedMain] INFO o.a.c.h.Http11NioProtocol - Initializing ProtocolHandler ["http-nio-8081"] 
2024-04-24T15:57:00.355 [restartedMain] INFO o.a.c.c.StandardService - Starting service [Tomcat] 
2024-04-24T15:57:00.355 [restartedMain] INFO o.a.c.c.StandardEngine - Starting Servlet engine: [Apache Tomcat/10.1.19] 
2024-04-24T15:57:00.357 [restartedMain] INFO o.a.c.c.C.[.[.[/] - Initializing Spring embedded WebApplicationContext 
2024-04-24T15:57:00.357 [restartedMain] INFO o.s.b.w.s.c.ServletWebServerApplicationContext - Root WebApplicationContext: initialization completed in 76 ms 
2024-04-24T15:57:00.365 [restartedMain] WARN o.m.s.SqlSessionFactoryBean - Property 'mapperLocations' was specified but matching resources are not found. 
2024-04-24T15:57:00.408 [restartedMain] INFO o.s.b.d.a.OptionalLiveReloadServer - LiveReload server is running on port 35729 
2024-04-24T15:57:00.412 [restartedMain] INFO o.a.c.h.Http11NioProtocol - Starting ProtocolHandler ["http-nio-8081"] 
2024-04-24T15:57:00.413 [restartedMain] INFO o.s.b.w.e.t.TomcatWebServer - Tomcat started on port 8081 (http) with context path '' 
2024-04-24T15:57:00.415 [restartedMain] INFO c.g.CobyApplication - Started CobyApplication in 0.149 seconds (process running for 1674.514) 
2024-04-24T15:57:00.416 [restartedMain] INFO o.s.b.d.a.ConditionEvaluationDeltaLoggingListener - Condition evaluation unchanged 
2024-04-24T15:57:32.161 [http-nio-8081-exec-1] INFO o.a.c.c.C.[.[.[/] - Initializing Spring DispatcherServlet 'dispatcherServlet' 
2024-04-24T15:57:32.162 [http-nio-8081-exec-1] INFO o.s.w.s.DispatcherServlet - Initializing Servlet 'dispatcherServlet' 
2024-04-24T15:57:32.163 [http-nio-8081-exec-1] INFO o.s.w.s.DispatcherServlet - Completed initialization in 1 ms 
2024-04-24T15:58:01.564 [File Watcher] INFO o.s.b.d.a.LocalDevToolsAutoConfiguration$RestartingClassPathChangeChangedEventListener - Restarting due to 1 class path change (0 additions, 0 deletions, 1 modification) 
2024-04-24T15:58:01.565 [Thread-31] INFO o.a.c.h.Http11NioProtocol - Stopping ProtocolHandler ["http-nio-8081"] 
2024-04-24T15:58:01.607 [restartedMain] INFO c.g.CobyApplication - Starting CobyApplication using Java 17.0.10 with PID 6684 (/Volumes/Work/factory/workspace/sts4_4210/repo_coby/coby/bin/main started by ramses in /Volumes/Work/factory/workspace/sts4_4210/repo_coby/coby) 
2024-04-24T15:58:01.607 [restartedMain] INFO c.g.CobyApplication - The following 1 profile is active: "external" 
2024-04-24T15:58:01.657 [restartedMain] WARN o.m.s.m.ClassPathMapperScanner - No MyBatis mapper was found in '[com.goodjob.*]' package. Please check your configuration. 
2024-04-24T15:58:01.678 [restartedMain] INFO o.s.b.w.e.t.TomcatWebServer - Tomcat initialized with port 8081 (http) 
2024-04-24T15:58:01.679 [restartedMain] INFO o.a.c.h.Http11NioProtocol - Initializing ProtocolHandler ["http-nio-8081"] 
2024-04-24T15:58:01.679 [restartedMain] INFO o.a.c.c.StandardService - Starting service [Tomcat] 
2024-04-24T15:58:01.679 [restartedMain] INFO o.a.c.c.StandardEngine - Starting Servlet engine: [Apache Tomcat/10.1.19] 
2024-04-24T15:58:01.682 [restartedMain] INFO o.a.c.c.C.[.[.[/] - Initializing Spring embedded WebApplicationContext 
2024-04-24T15:58:01.682 [restartedMain] INFO o.s.b.w.s.c.ServletWebServerApplicationContext - Root WebApplicationContext: initialization completed in 75 ms 
2024-04-24T15:58:01.691 [restartedMain] WARN o.m.s.SqlSessionFactoryBean - Property 'mapperLocations' was specified but matching resources are not found. 
2024-04-24T15:58:01.742 [restartedMain] INFO o.s.b.d.a.OptionalLiveReloadServer - LiveReload server is running on port 35729 
2024-04-24T15:58:01.747 [restartedMain] INFO o.a.c.h.Http11NioProtocol - Starting ProtocolHandler ["http-nio-8081"] 
2024-04-24T15:58:01.748 [restartedMain] INFO o.s.b.w.e.t.TomcatWebServer - Tomcat started on port 8081 (http) with context path '' 
2024-04-24T15:58:01.750 [restartedMain] INFO c.g.CobyApplication - Started CobyApplication in 0.153 seconds (process running for 1735.848) 
2024-04-24T15:58:01.751 [restartedMain] INFO o.s.b.d.a.ConditionEvaluationDeltaLoggingListener - Condition evaluation unchanged 
2024-04-24T15:58:07.224 [http-nio-8081-exec-1] INFO o.a.c.c.C.[.[.[/] - Initializing Spring DispatcherServlet 'dispatcherServlet' 
2024-04-24T15:58:07.224 [http-nio-8081-exec-1] INFO o.s.w.s.DispatcherServlet - Initializing Servlet 'dispatcherServlet' 
2024-04-24T15:58:07.225 [http-nio-8081-exec-1] INFO o.s.w.s.DispatcherServlet - Completed initialization in 1 ms 
